<?xml version="1.0" encoding="UTF-8"?>
<!-- Generated by org.testng.reporters.JUnitReportReporter -->
<testsuite skipped="0" hostname="H3200-0418" name="com.aaa.olb.automation.util.TestClass" tests="1" failures="0" timestamp="03 五月 2018 06:07:22 GMT" time="15.909" errors="0">
  <testcase name="testMethod" time="15.909" classname="com.aaa.olb.automation.util.TestClass"/>
</testsuite> <!-- com.aaa.olb.automation.util.TestClass -->
