<?xml version="1.0" encoding="UTF-8"?>
<!-- Generated by org.testng.reporters.JUnitReportReporter -->
<testsuite skipped="0" hostname="H3200-0418" name="com.aaa.olb.automation.util.TestClass" tests="1" failures="0" timestamp="15 五月 2019 06:32:54 GMT" time="12.055" errors="0">
  <testcase name="testMethod" time="12.055" classname="com.aaa.olb.automation.util.TestClass"/>
</testsuite> <!-- com.aaa.olb.automation.util.TestClass -->
